<?xml version="1.0" encoding="UTF-8"?>
<!-- Generated by org.testng.reporters.JUnitXMLReporter -->
<testsuite ignored="0" hostname="tasnim-abdulsamad" failures="1" tests="1" name="AutomationExercise_Tasnim_Adel" time="10.566" errors="0" timestamp="2024-12-13T13:49:03 EET">
  <testcase classname="automation_exercise.tests.SignUpTests" name="RegisterUser" time="0.707">
    <failure type="java.lang.AssertionError" message="No results for json path: &amp;apos;userFirstName&amp;apos; in the json file: &amp;apos;src/test/resources/TestDataJsonFile/TestData.json&amp;apos;">
      <![CDATA[java.lang.AssertionError: No results for json path: 'userFirstName' in the json file: 'src/test/resources/TestDataJsonFile/TestData.json'
at Utilities.JsonFileManager.getTestData(JsonFileManager.java:36)
at automation_exercise.tests.SignUpTests.RegisterUser(SignUpTests.java:34)
at java.base/java.util.ArrayList.forEach(ArrayList.java:1596)
at com.intellij.rt.testng.IDEARemoteTestNG.run(IDEARemoteTestNG.java:65)
at com.intellij.rt.testng.RemoteTestNGStarter.main(RemoteTestNGStarter.java:105)
... Removed 23 stack frames]]>
    </failure>
  </testcase> <!-- RegisterUser -->
</testsuite> <!-- AutomationExercise_Tasnim_Adel -->
